[2022-07-12T21:13:39.889] [DEBUG] debug - =============================
[2022-07-12T21:13:39.889] [DEBUG] debug - Method : GET
[2022-07-12T21:13:39.889] [DEBUG] debug - URL : /games_history
[2022-07-12T21:13:39.890] [DEBUG] debug - session : {
  "cookie": {
    "originalMaxAge": 86400000,
    "expires": "2022-07-13T12:08:42.755Z",
    "httpOnly": true,
    "path": "/"
  },
  "flash": {},
  "passport": {
    "user": "jpnengfran@outlook.jp"
  }
}
[2022-07-12T21:13:39.890] [DEBUG] debug - =============================
[2022-07-12T21:13:41.123] [DEBUG] debug - =============================
[2022-07-12T21:13:41.123] [DEBUG] debug - Method : GET
[2022-07-12T21:13:41.123] [DEBUG] debug - URL : /
[2022-07-12T21:13:41.123] [DEBUG] debug - session : {
  "cookie": {
    "originalMaxAge": 86400000,
    "expires": "2022-07-13T12:13:39.972Z",
    "httpOnly": true,
    "path": "/"
  },
  "flash": {},
  "passport": {
    "user": "jpnengfran@outlook.jp"
  }
}
[2022-07-12T21:13:41.123] [DEBUG] debug - =============================
[2022-07-12T21:14:20.282] [DEBUG] debug - =============================
[2022-07-12T21:14:20.282] [DEBUG] debug - Method : GET
[2022-07-12T21:14:20.282] [DEBUG] debug - URL : /games_history
[2022-07-12T21:14:20.282] [DEBUG] debug - session : {
  "cookie": {
    "originalMaxAge": 86400000,
    "expires": "2022-07-13T12:13:41.149Z",
    "httpOnly": true,
    "path": "/"
  },
  "flash": {},
  "passport": {
    "user": "jpnengfran@outlook.jp"
  }
}
[2022-07-12T21:14:20.282] [DEBUG] debug - =============================
[2022-07-12T21:14:26.388] [DEBUG] debug - =============================
[2022-07-12T21:14:26.388] [DEBUG] debug - Method : GET
[2022-07-12T21:14:26.388] [DEBUG] debug - URL : /scorebook/1
[2022-07-12T21:14:26.388] [DEBUG] debug - session : {
  "cookie": {
    "originalMaxAge": 86400000,
    "expires": "2022-07-13T12:14:20.349Z",
    "httpOnly": true,
    "path": "/"
  },
  "flash": {},
  "passport": {
    "user": "jpnengfran@outlook.jp"
  }
}
[2022-07-12T21:14:26.388] [DEBUG] debug - =============================
[2022-07-12T21:14:36.876] [DEBUG] debug - =============================
[2022-07-12T21:14:36.877] [DEBUG] debug - Method : POST
[2022-07-12T21:14:36.877] [DEBUG] debug - URL : /batterBox?boxId=5-1
[2022-07-12T21:14:36.877] [DEBUG] debug - session : {
  "cookie": {
    "originalMaxAge": 86400000,
    "expires": "2022-07-13T12:14:26.436Z",
    "httpOnly": true,
    "path": "/"
  },
  "flash": {},
  "passport": {
    "user": "jpnengfran@outlook.jp"
  },
  "gameInfo": {
    "gameId": "1"
  }
}
[2022-07-12T21:14:36.877] [DEBUG] debug - Req Body : {
  "orderNum": "5",
  "playerName": "bbbbbb"
}
[2022-07-12T21:14:36.877] [DEBUG] debug - =============================
[2022-07-12T21:14:39.356] [DEBUG] debug - =============================
[2022-07-12T21:14:39.356] [DEBUG] debug - Method : GET
[2022-07-12T21:14:39.356] [DEBUG] debug - URL : /back
[2022-07-12T21:14:39.356] [DEBUG] debug - session : {
  "cookie": {
    "originalMaxAge": 86400000,
    "expires": "2022-07-13T12:14:36.949Z",
    "httpOnly": true,
    "path": "/"
  },
  "flash": {},
  "passport": {
    "user": "jpnengfran@outlook.jp"
  },
  "gameInfo": {
    "gameId": "1"
  }
}
[2022-07-12T21:14:39.356] [DEBUG] debug - =============================
[2022-07-12T21:14:39.366] [DEBUG] debug - =============================
[2022-07-12T21:14:39.366] [DEBUG] debug - Method : GET
[2022-07-12T21:14:39.366] [DEBUG] debug - URL : /scorebook/1
[2022-07-12T21:14:39.368] [DEBUG] debug - session : {
  "cookie": {
    "originalMaxAge": 86400000,
    "expires": "2022-07-13T12:14:39.357Z",
    "httpOnly": true,
    "path": "/"
  },
  "flash": {},
  "passport": {
    "user": "jpnengfran@outlook.jp"
  },
  "gameInfo": {
    "gameId": "1"
  }
}
[2022-07-12T21:14:39.368] [DEBUG] debug - =============================
[2022-07-12T21:14:40.712] [DEBUG] debug - =============================
[2022-07-12T21:14:40.712] [DEBUG] debug - Method : GET
[2022-07-12T21:14:40.712] [DEBUG] debug - URL : /player&order=1&name=末廣風真
[2022-07-12T21:14:40.712] [DEBUG] debug - session : {
  "cookie": {
    "originalMaxAge": 86400000,
    "expires": "2022-07-13T12:14:39.399Z",
    "httpOnly": true,
    "path": "/"
  },
  "flash": {},
  "passport": {
    "user": "jpnengfran@outlook.jp"
  },
  "gameInfo": {
    "gameId": "1"
  }
}
[2022-07-12T21:14:40.712] [DEBUG] debug - =============================
[2022-07-12T21:14:47.254] [DEBUG] debug - =============================
[2022-07-12T21:14:47.254] [DEBUG] debug - Method : GET
[2022-07-12T21:14:47.254] [DEBUG] debug - URL : /back
[2022-07-12T21:14:47.254] [DEBUG] debug - session : {
  "cookie": {
    "originalMaxAge": 86400000,
    "expires": "2022-07-13T12:14:40.778Z",
    "httpOnly": true,
    "path": "/"
  },
  "flash": {},
  "passport": {
    "user": "jpnengfran@outlook.jp"
  },
  "gameInfo": {
    "gameId": "1"
  }
}
[2022-07-12T21:14:47.254] [DEBUG] debug - =============================
[2022-07-12T21:14:47.261] [DEBUG] debug - =============================
[2022-07-12T21:14:47.261] [DEBUG] debug - Method : GET
[2022-07-12T21:14:47.261] [DEBUG] debug - URL : /scorebook/1
[2022-07-12T21:14:47.261] [DEBUG] debug - session : {
  "cookie": {
    "originalMaxAge": 86400000,
    "expires": "2022-07-13T12:14:47.254Z",
    "httpOnly": true,
    "path": "/"
  },
  "flash": {},
  "passport": {
    "user": "jpnengfran@outlook.jp"
  },
  "gameInfo": {
    "gameId": "1"
  }
}
[2022-07-12T21:14:47.261] [DEBUG] debug - =============================
[2022-07-12T21:15:01.645] [DEBUG] debug - =============================
[2022-07-12T21:15:01.645] [DEBUG] debug - Method : GET
[2022-07-12T21:15:01.646] [DEBUG] debug - URL : /login
[2022-07-12T21:15:01.646] [DEBUG] debug - session : {
  "cookie": {
    "originalMaxAge": 86400000,
    "expires": "2022-07-13T12:14:58.378Z",
    "httpOnly": true,
    "path": "/"
  },
  "flash": {}
}
[2022-07-12T21:15:01.646] [DEBUG] debug - cookie : {
  "connect.sid": "s:iDwZfb6Fj0X4BQwkVAGzB7v8ZsPnddlq.52hs3tIhTUlGfaVqVLdY18WSkNx1YfgAtxDUzbvxpPg"
}
[2022-07-12T21:15:01.646] [DEBUG] debug - =============================
[2022-07-12T21:15:33.267] [DEBUG] debug - =============================
[2022-07-12T21:15:33.267] [DEBUG] debug - Method : GET
[2022-07-12T21:15:33.267] [DEBUG] debug - URL : /
[2022-07-12T21:15:33.267] [DEBUG] debug - session : {
  "cookie": {
    "originalMaxAge": 86400000,
    "expires": "2022-07-13T12:15:33.211Z",
    "httpOnly": true,
    "path": "/"
  },
  "flash": {},
  "passport": {
    "user": "jpnengfran@outlook.jp"
  }
}
[2022-07-12T21:15:33.267] [DEBUG] debug - =============================
[2022-07-12T21:17:02.404] [DEBUG] debug - =============================
[2022-07-12T21:17:02.404] [DEBUG] debug - Method : GET
[2022-07-12T21:17:02.404] [DEBUG] debug - URL : /games_history
[2022-07-12T21:17:02.404] [DEBUG] debug - session : {
  "cookie": {
    "originalMaxAge": 86400000,
    "expires": "2022-07-13T12:15:33.299Z",
    "httpOnly": true,
    "path": "/"
  },
  "flash": {},
  "passport": {
    "user": "jpnengfran@outlook.jp"
  }
}
[2022-07-12T21:17:02.404] [DEBUG] debug - =============================
[2022-07-12T21:20:53.595] [DEBUG] debug - =============================
[2022-07-12T21:20:53.595] [DEBUG] debug - Method : GET
[2022-07-12T21:20:53.595] [DEBUG] debug - URL : /scorebook/1
[2022-07-12T21:20:53.595] [DEBUG] debug - session : {
  "cookie": {
    "originalMaxAge": 86400000,
    "expires": "2022-07-13T12:17:02.853Z",
    "httpOnly": true,
    "path": "/"
  },
  "flash": {},
  "passport": {
    "user": "jpnengfran@outlook.jp"
  }
}
[2022-07-12T21:20:53.595] [DEBUG] debug - =============================
